<?xml version="1.0" encoding="UTF-8"?>
<testsuite xmlns:xsi="http://www.w3.org/2001/XMLSchema-instance" xsi:noNamespaceSchemaLocation="https://maven.apache.org/surefire/maven-surefire-plugin/xsd/surefire-test-report.xsd" name="com.mastersdeluniverso.AppTest" time="0.062" tests="1" errors="0" skipped="0" failures="0">
  <properties>
    <property name="java.specification.version" value="17"/>
    <property name="sun.cpu.isalist" value="amd64"/>
    <property name="sun.jnu.encoding" value="Cp1252"/>
    <property name="java.class.path" value="C:\Users\arnau\Documents\DAW\_M3 PROGRAMACIÓ\UF4 POO.Emojis\ZombieVSEmojis\target\test-classes;C:\Users\arnau\Documents\DAW\_M3 PROGRAMACIÓ\UF4 POO.Emojis\ZombieVSEmojis\target\classes;C:\Users\arnau\.m2\repository\junit\junit\4.11\junit-4.11.jar;C:\Users\arnau\.m2\repository\org\hamcrest\hamcrest-core\1.3\hamcrest-core-1.3.jar;C:\Users\arnau\Documents\DAW\_M3 PROGRAMACIÓ\UF4 POO.Emojis\ZombieVSEmojis\src\main\resources\acm.jar;"/>
    <property name="java.vm.vendor" value="Eclipse Adoptium"/>
    <property name="sun.arch.data.model" value="64"/>
    <property name="user.variant" value=""/>
    <property name="java.vendor.url" value="https://adoptium.net/"/>
    <property name="user.timezone" value="Europe/Madrid"/>
    <property name="os.name" value="Windows 10"/>
    <property name="java.vm.specification.version" value="17"/>
    <property name="sun.java.launcher" value="SUN_STANDARD"/>
    <property name="user.country" value="ES"/>
    <property name="sun.boot.library.path" value="C:\Program Files\Eclipse Adoptium\jdk-17.0.2.8-hotspot\bin"/>
    <property name="sun.java.command" value="C:\Users\arnau\AppData\Local\Temp\surefire9218198008972829873\surefirebooter9599250256100324435.jar C:\Users\arnau\AppData\Local\Temp\surefire9218198008972829873 2022-03-30T15-06-11_485-jvmRun1 surefire15001006125061905695tmp surefire_012548836844708362930tmp"/>
    <property name="jdk.debug" value="release"/>
    <property name="surefire.test.class.path" value="C:\Users\arnau\Documents\DAW\_M3 PROGRAMACIÓ\UF4 POO.Emojis\ZombieVSEmojis\target\test-classes;C:\Users\arnau\Documents\DAW\_M3 PROGRAMACIÓ\UF4 POO.Emojis\ZombieVSEmojis\target\classes;C:\Users\arnau\.m2\repository\junit\junit\4.11\junit-4.11.jar;C:\Users\arnau\.m2\repository\org\hamcrest\hamcrest-core\1.3\hamcrest-core-1.3.jar;C:\Users\arnau\Documents\DAW\_M3 PROGRAMACIÓ\UF4 POO.Emojis\ZombieVSEmojis\src\main\resources\acm.jar;"/>
    <property name="sun.cpu.endian" value="little"/>
    <property name="user.home" value="C:\Users\arnau"/>
    <property name="user.language" value="es"/>
    <property name="java.specification.vendor" value="Oracle Corporation"/>
    <property name="java.version.date" value="2022-01-18"/>
    <property name="java.home" value="C:\Program Files\Eclipse Adoptium\jdk-17.0.2.8-hotspot"/>
    <property name="file.separator" value="\"/>
    <property name="basedir" value="C:\Users\arnau\Documents\DAW\_M3 PROGRAMACIÓ\UF4 POO.Emojis\ZombieVSEmojis"/>
    <property name="java.vm.compressedOopsMode" value="32-bit"/>
    <property name="line.separator" value="&#10;"/>
    <property name="java.vm.specification.vendor" value="Oracle Corporation"/>
    <property name="java.specification.name" value="Java Platform API Specification"/>
    <property name="surefire.real.class.path" value="C:\Users\arnau\AppData\Local\Temp\surefire9218198008972829873\surefirebooter9599250256100324435.jar"/>
    <property name="user.script" value=""/>
    <property name="sun.management.compiler" value="HotSpot 64-Bit Tiered Compilers"/>
    <property name="java.runtime.version" value="17.0.2+8"/>
    <property name="user.name" value="arnau"/>
    <property name="path.separator" value=";"/>
    <property name="os.version" value="10.0"/>
    <property name="java.runtime.name" value="OpenJDK Runtime Environment"/>
    <property name="file.encoding" value="Cp1252"/>
    <property name="java.vm.name" value="OpenJDK 64-Bit Server VM"/>
    <property name="java.vendor.version" value="Temurin-17.0.2+8"/>
    <property name="localRepository" value="C:\Users\arnau\.m2\repository"/>
    <property name="java.vendor.url.bug" value="https://github.com/adoptium/adoptium-support/issues"/>
    <property name="java.io.tmpdir" value="C:\Users\arnau\AppData\Local\Temp\"/>
    <property name="java.version" value="17.0.2"/>
    <property name="user.dir" value="C:\Users\arnau\Documents\DAW\_M3 PROGRAMACIÓ\UF4 POO.Emojis\ZombieVSEmojis"/>
    <property name="os.arch" value="amd64"/>
    <property name="java.vm.specification.name" value="Java Virtual Machine Specification"/>
    <property name="sun.os.patch.level" value=""/>
    <property name="native.encoding" value="Cp1252"/>
    <property name="java.library.path" value="C:\Program Files\Eclipse Adoptium\jdk-17.0.2.8-hotspot\bin;C:\windows\Sun\Java\bin;C:\windows\system32;C:\windows;C:\Program Files\Eclipse Adoptium\jdk-17.0.2.8-hotspot\bin;C:\Users\arnau\Desktop\WINDOWS.X64_193000_db_home\bin;C:\Program Files (x86)\Common Files\Oracle\Java\javapath;C:\windows\system32;C:\windows;C:\windows\System32\Wbem;C:\windows\System32\WindowsPowerShell\v1.0\;C:\windows\System32\OpenSSH\;C:\Program Files\dotnet\;C:\Program Files (x86)\BaseX\bin;C:\Program Files\Git\cmd;C:\Program Files\nodejs\;C:\Users\arnau\AppData\Local\Microsoft\WindowsApps;C:\Users\arnau\AppData\Local\Programs\Microsoft VS Code\bin;C:\Users\arnau\.dotnet\tools;C:\Users\arnau\Documents\DAW\gradle\bin;C:\Users\arnau\AppData\Roaming\npm;C:\Users\arnau\Documents\DAW\apache-maven-3.8.5\bin;;."/>
    <property name="java.vm.info" value="mixed mode, sharing"/>
    <property name="java.vendor" value="Eclipse Adoptium"/>
    <property name="java.vm.version" value="17.0.2+8"/>
    <property name="sun.io.unicode.encoding" value="UnicodeLittle"/>
    <property name="java.class.version" value="61.0"/>
  </properties>
  <testcase name="shouldAnswerWithTrue" classname="com.mastersdeluniverso.AppTest" time="0.002"/>
</testsuite>